<?xml version="1.0" encoding="utf-8"?><testsuites name="pytest tests"><testsuite name="pytest" errors="0" failures="0" skipped="0" tests="6" time="1.648" timestamp="2026-09-02T19:06:46.771754+00:00" hostname="agent-env-922471fe-367e-4e07-bac8-52fd59beb368"><testcase classname="tests.test_admin_login.TestAdminLogin" name="test_01_correct_password_returns_token" time="0.455" /><testcase classname="tests.test_admin_login.TestAdminLogin" name="test_02_token_grants_admin_access" time="0.410" /><testcase classname="tests.test_admin_login.TestAdminLogin" name="test_03_wrong_case_password_rejected" time="0.205" /><testcase classname="tests.test_admin_login.TestAdminLogin" name="test_04_untrimmed_password_rejected_by_backend" time="0.228" /><testcase classname="tests.test_admin_login.TestAdminLogin" name="test_05_missing_password_validation" time="0.143" /><testcase classname="tests.test_admin_login.TestAdminLogin" name="test_06_correct_password_still_works_and_resets_counter" time="0.146" /></testsuite></testsuites>