<?xml version="1.0" encoding="utf-8"?><testsuites name="pytest tests"><testsuite name="pytest" errors="0" failures="0" skipped="0" tests="26" time="5.611" timestamp="2026-09-09T16:25:22.635500+00:00" hostname="agent-env-922471fe-367e-4e07-bac8-52fd59beb368"><testcase classname="tests.test_booking_chat.TestSlots" name="test_malaga_monday_closed" time="0.365" /><testcase classname="tests.test_booking_chat.TestSlots" name="test_malaga_tuesday_open" time="0.085" /><testcase classname="tests.test_booking_chat.TestSlots" name="test_malta_monday_open" time="0.094" /><testcase classname="tests.test_booking_chat.TestSlots" name="test_bad_site_422" time="0.078" /><testcase classname="tests.test_booking_chat.TestSlots" name="test_bad_date_422" time="0.086" /><testcase classname="tests.test_booking_chat.TestValidation422" name="test_invalid_payload[override0]" time="0.112" /><testcase classname="tests.test_booking_chat.TestValidation422" name="test_invalid_payload[override1]" time="0.089" /><testcase classname="tests.test_booking_chat.TestValidation422" name="test_invalid_payload[override2]" time="0.079" /><testcase classname="tests.test_booking_chat.TestValidation422" name="test_invalid_payload[override3]" time="0.074" /><testcase classname="tests.test_booking_chat.TestValidation422" name="test_invalid_payload[override4]" time="0.081" /><testcase classname="tests.test_booking_chat.TestValidation422" name="test_invalid_payload[override5]" time="0.077" /><testcase classname="tests.test_booking_chat.TestValidation422" name="test_invalid_payload[override6]" time="0.111" /><testcase classname="tests.test_booking_chat.TestValidation422" name="test_invalid_payload[override7]" time="0.094" /><testcase classname="tests.test_booking_chat.TestCreateAndAdmin" name="test_create_malta" time="0.098" /><testcase classname="tests.test_booking_chat.TestCreateAndAdmin" name="test_create_malaga" time="0.094" /><testcase classname="tests.test_booking_chat.TestCreateAndAdmin" name="test_admin_list_requires_auth" time="0.089" /><testcase classname="tests.test_booking_chat.TestCreateAndAdmin" name="test_admin_list_and_order" time="0.165" /><testcase classname="tests.test_booking_chat.TestCreateAndAdmin" name="test_patch_status_confirmed" time="0.189" /><testcase classname="tests.test_booking_chat.TestCreateAndAdmin" name="test_patch_invalid_status_422" time="0.092" /><testcase classname="tests.test_booking_chat.TestCreateAndAdmin" name="test_patch_missing_404" time="0.095" /><testcase classname="tests.test_booking_chat.TestCreateAndAdmin" name="test_zzz_delete_all_and_missing_404" time="0.323" /><testcase classname="tests.test_booking_chat.TestChat" name="test_chat_validation_short_session" time="0.089" /><testcase classname="tests.test_booking_chat.TestChat" name="test_chat_validation_bad_site" time="0.090" /><testcase classname="tests.test_booking_chat.TestChat" name="test_chat_stream_and_history" time="1.436" /><testcase classname="tests.test_booking_chat.TestChat" name="test_chat_multiturn" time="1.258" /><testcase classname="tests.test_booking_chat.TestChat" name="test_zzz_cleanup_chat_history" time="0.000" /></testsuite></testsuites>