<?xml version="1.0" encoding="utf-8"?><testsuites name="pytest tests"><testsuite name="pytest" errors="0" failures="0" skipped="0" tests="8" time="4.192" timestamp="2026-09-12T17:54:21.961233+00:00" hostname="agent-env-922471fe-367e-4e07-bac8-52fd59beb368"><testcase classname="tests.test_booking_confirm" name="test_patch_requires_auth" time="0.294" /><testcase classname="tests.test_booking_confirm" name="test_patch_404_unknown_id" time="0.277" /><testcase classname="tests.test_booking_confirm" name="test_patch_422_bad_status" time="0.169" /><testcase classname="tests.test_booking_confirm" name="test_confirm_delivered_es" time="0.632" /><testcase classname="tests.test_booking_confirm" name="test_decline_delivered_de" time="0.580" /><testcase classname="tests.test_booking_confirm" name="test_patch_new_does_not_notify" time="0.446" /><testcase classname="tests.test_booking_confirm" name="test_confirm_unreachable_email" time="0.386" /><testcase classname="tests.test_booking_confirm" name="test_cleanup_via_delete" time="0.481" /></testsuite></testsuites>