<?xml version="1.0" encoding="utf-8"?><testsuites name="pytest tests"><testsuite name="pytest" errors="0" failures="0" skipped="0" tests="6" time="4.742" timestamp="2026-09-13T15:54:22.182909+00:00" hostname="agent-env-922471fe-367e-4e07-bac8-52fd59beb368"><testcase classname="tests.test_iter10" name="test_chat_rate_limit_20_then_429" time="3.012" /><testcase classname="tests.test_iter10" name="test_contact_rate_limit_3_then_429" time="1.066" /><testcase classname="tests.test_iter10" name="test_copy_images_unauthorized" time="0.118" /><testcase classname="tests.test_iter10" name="test_copy_images_invalid_params" time="0.247" /><testcase classname="tests.test_iter10" name="test_copy_images_ok" time="0.129" /><testcase classname="tests.test_iter10" name="test_menu_malta_images_match_malaga" time="0.119" /></testsuite></testsuites>