<?xml version="1.0" encoding="utf-8"?><testsuites name="pytest tests"><testsuite name="pytest" errors="0" failures="0" skipped="0" tests="6" time="3.340" timestamp="2026-09-13T23:11:42.929873+00:00" hostname="agent-env-922471fe-367e-4e07-bac8-52fd59beb368"><testcase classname="tests.test_iter11_settings" name="test_get_settings_shape" time="1.086" /><testcase classname="tests.test_iter11_settings" name="test_put_settings_requires_auth" time="0.184" /><testcase classname="tests.test_iter11_settings" name="test_put_settings_cleans_and_persists" time="0.453" /><testcase classname="tests.test_iter11_settings" name="test_seed_menu_regression" time="0.168" /><testcase classname="tests.test_iter11_settings" name="test_reviews_count" time="0.165" /><testcase classname="tests.test_iter11_settings" name="test_cleanup_settings" time="0.190" /></testsuite></testsuites>