<?xml version="1.0" encoding="utf-8"?><testsuites name="pytest tests"><testsuite name="pytest" errors="0" failures="0" skipped="0" tests="13" time="3.255" timestamp="2026-09-02T11:06:36.224714+00:00" hostname="agent-env-922471fe-367e-4e07-bac8-52fd59beb368"><testcase classname="tests.backend_test.TestAdminAuth" name="test_wrong_password_401" time="0.350" /><testcase classname="tests.backend_test.TestPublic" name="test_root" time="0.291" /><testcase classname="tests.backend_test.TestPublic" name="test_menu_26_items" time="0.121" /><testcase classname="tests.backend_test.TestPublic" name="test_contact_form" time="0.437" /><testcase classname="tests.backend_test.TestAdminAuth" name="test_correct_password_resets_and_returns_token" time="0.065" /><testcase classname="tests.backend_test.TestAdminAuth" name="test_menu_requires_auth" time="0.150" /><testcase classname="tests.backend_test.TestAdminAuth" name="test_bad_token_401" time="0.126" /><testcase classname="tests.backend_test.TestAdminCRUD" name="test_list_menu" time="0.147" /><testcase classname="tests.backend_test.TestAdminCRUD" name="test_create_read_update_delete" time="1.285" /><testcase classname="tests.backend_test.TestPublic" name="test_franchising_form" time="0.244" /><testcase classname="tests.backend_test.TestPublic" name="test_contact_validation" time="0.071" /><testcase classname="tests.backend_test.TestAdminCRUD" name="test_update_missing_item_404" time="0.233" /><testcase classname="tests.backend_test.TestAdminCRUD" name="test_create_invalid_payload_422" time="0.183" /></testsuite></testsuites>