<?xml version="1.0" encoding="utf-8"?><testsuites name="pytest tests"><testsuite name="pytest" errors="0" failures="0" skipped="0" tests="28" time="5.443" timestamp="2026-09-02T18:49:48.970711+00:00" hostname="agent-env-922471fe-367e-4e07-bac8-52fd59beb368"><testcase classname="tests.backend_test.TestSiteImages" name="test_get_site_images_shape" time="0.174" /><testcase classname="tests.backend_test.TestPublic" name="test_root" time="0.185" /><testcase classname="tests.backend_test.TestPublic" name="test_menu_105_items_with_location" time="0.087" /><testcase classname="tests.backend_test.TestSiteImages" name="test_put_about_and_restore" time="0.982" /><testcase classname="tests.backend_test.TestPublic" name="test_wine_price_max" time="0.083" /><testcase classname="tests.backend_test.TestPublic" name="test_empty_images_accepted" time="0.082" /><testcase classname="tests.backend_test.TestPublic" name="test_categories_per_location" time="0.095" /><testcase classname="tests.backend_test.TestPublic" name="test_contact_form" time="0.362" /><testcase classname="tests.backend_test.TestPublic" name="test_franchising_form" time="0.291" /><testcase classname="tests.backend_test.TestSiteImages" name="test_invalid_key_404" time="0.155" /><testcase classname="tests.backend_test.TestPublic" name="test_contact_validation" time="0.066" /><testcase classname="tests.backend_test.TestUpload" name="test_upload_requires_auth" time="0.130" /><testcase classname="tests.backend_test.TestSiteImages" name="test_gallery_wrong_type_422" time="0.118" /><testcase classname="tests.backend_test.TestSiteImages" name="test_hero_wrong_type_422" time="0.154" /><testcase classname="tests.backend_test.TestUpload" name="test_upload_rejects_text_415" time="0.247" /><testcase classname="tests.backend_test.TestSiteImages" name="test_site_images_requires_auth" time="0.145" /><testcase classname="tests.backend_test.TestUpload" name="test_upload_png_and_serve" time="0.688" /><testcase classname="tests.backend_test.TestSiteImages" name="test_gallery_append_then_restore" time="0.853" /><testcase classname="tests.backend_test.TestUpload" name="test_upload_jpeg" time="0.405" /><testcase classname="tests.backend_test.TestAdminAuth" name="test_wrong_password_401" time="0.074" /><testcase classname="tests.backend_test.TestAdminAuth" name="test_correct_password_resets_and_returns_token" time="0.000" /><testcase classname="tests.backend_test.TestAdminAuth" name="test_menu_requires_auth" time="0.161" /><testcase classname="tests.backend_test.TestUpload" name="test_serve_unknown_file_404" time="0.155" /><testcase classname="tests.backend_test.TestAdminAuth" name="test_bad_token_401" time="0.174" /><testcase classname="tests.backend_test.TestAdminCRUD" name="test_list_menu" time="0.159" /><testcase classname="tests.backend_test.TestAdminCRUD" name="test_create_read_update_delete" time="1.457" /><testcase classname="tests.backend_test.TestAdminCRUD" name="test_update_missing_item_404" time="0.203" /><testcase classname="tests.backend_test.TestAdminCRUD" name="test_create_invalid_payload_422" time="0.126" /></testsuite></testsuites>