<?xml version="1.0" encoding="utf-8"?><testsuites name="pytest tests"><testsuite name="pytest" errors="0" failures="2" skipped="0" tests="9" time="18.654" timestamp="2026-09-13T15:49:02.893585+00:00" hostname="agent-env-922471fe-367e-4e07-bac8-52fd59beb368"><testcase classname="tests.test_rate_limits_v9" name="test_menu_security_headers" time="0.341" /><testcase classname="tests.test_rate_limits_v9" name="test_menu_items_count" time="0.154" /><testcase classname="tests.test_rate_limits_v9" name="test_reviews_ok" time="0.133" /><testcase classname="tests.test_rate_limits_v9" name="test_site_images_ok" time="0.123" /><testcase classname="tests.test_rate_limits_v9" name="test_admin_login_and_table_requests" time="0.300" /><testcase classname="tests.test_rate_limits_v9" name="test_chat_rate_limit_and_422" time="15.092"><failure message="AssertionError: did not hit 429 in 21 attempts&#10;assert False">backend/tests/test_rate_limits_v9.py:95: in test_chat_rate_limit_and_422
    assert got_429, "did not hit 429 in 21 attempts"
E   AssertionError: did not hit 429 in 21 attempts
E   assert False</failure></testcase><testcase classname="tests.test_rate_limits_v9" name="test_contact_rate_limit_one_shot" time="1.449"><failure message="assert 200 == 429">backend/tests/test_rate_limits_v9.py:115: in test_contact_rate_limit_one_shot
    assert results[3] == 429
E   assert 200 == 429</failure></testcase><testcase classname="tests.test_rate_limits_v9" name="test_franchising_single_valid" time="0.335" /><testcase classname="tests.test_rate_limits_v9" name="test_table_requests_invalid_422" time="0.136" /></testsuite></testsuites>