<?xml version="1.0" encoding="utf-8"?><testsuites name="pytest tests"><testsuite name="pytest" errors="0" failures="0" skipped="0" tests="7" time="3.469" timestamp="2026-09-12T23:53:23.911233+00:00" hostname="agent-env-922471fe-367e-4e07-bac8-52fd59beb368"><testcase classname="tests.test_reminders" name="test_remind_no_token" time="0.355" /><testcase classname="tests.test_reminders" name="test_remind_not_found" time="0.361" /><testcase classname="tests.test_reminders" name="test_remind_confirmed_A_sends" time="0.496" /><testcase classname="tests.test_reminders" name="test_remind_new_B_409" time="0.189" /><testcase classname="tests.test_reminders" name="test_remind_unreachable_C_returns_false" time="0.265" /><testcase classname="tests.test_reminders" name="test_run_reminders_idempotent_and_time_aware" time="0.228" /><testcase classname="tests.test_reminders" name="test_cleanup_via_delete_endpoint" time="0.559" /></testsuite></testsuites>