<?xml version="1.0" encoding="utf-8"?><testsuites name="pytest tests"><testsuite name="pytest" errors="0" failures="0" skipped="0" tests="24" time="2.441" timestamp="2026-09-04T23:37:10.349667+00:00" hostname="agent-env-922471fe-367e-4e07-bac8-52fd59beb368"><testcase classname="tests.test_reviews.TestReviewsList" name="test_initial_list_is_empty" time="0.315" /><testcase classname="tests.test_reviews.TestReviewsCrud" name="test_create_requires_auth" time="0.049" /><testcase classname="tests.test_reviews.TestReviewsCrud" name="test_create_and_persist" time="0.136" /><testcase classname="tests.test_reviews.TestReviewsCrud" name="test_validation_errors[bad0-rating&gt;5]" time="0.044" /><testcase classname="tests.test_reviews.TestReviewsCrud" name="test_validation_errors[bad1-rating&lt;1]" time="0.051" /><testcase classname="tests.test_reviews.TestReviewsCrud" name="test_validation_errors[bad2-bad location]" time="0.048" /><testcase classname="tests.test_reviews.TestReviewsCrud" name="test_validation_errors[bad3-bad source]" time="0.055" /><testcase classname="tests.test_reviews.TestReviewsCrud" name="test_validation_errors[bad4-empty author]" time="0.059" /><testcase classname="tests.test_reviews.TestReviewsCrud" name="test_validation_errors[bad5-blank text]" time="0.048" /><testcase classname="tests.test_reviews.TestReviewsCrud" name="test_update_reflects_in_get" time="0.094" /><testcase classname="tests.test_reviews.TestReviewsCrud" name="test_update_requires_auth" time="0.049" /><testcase classname="tests.test_reviews.TestReviewsCrud" name="test_update_missing_404" time="0.048" /><testcase classname="tests.test_reviews.TestReviewsCrud" name="test_ordering_featured_first_then_recent" time="0.181" /><testcase classname="tests.test_reviews.TestReviewsCrud" name="test_delete_and_second_delete_404" time="0.185" /><testcase classname="tests.test_reviews.TestReviewsCrud" name="test_delete_requires_auth" time="0.045" /><testcase classname="tests.test_reviews.TestGooglePlaces" name="test_public_google_reviews_disabled" time="0.047" /><testcase classname="tests.test_reviews.TestGooglePlaces" name="test_get_settings" time="0.045" /><testcase classname="tests.test_reviews.TestGooglePlaces" name="test_put_settings_roundtrip" time="0.252" /><testcase classname="tests.test_reviews.TestGooglePlaces" name="test_search_conflict_without_key" time="0.048" /><testcase classname="tests.test_reviews.TestGooglePlaces" name="test_admin_endpoints_require_auth[get-/api/admin/google-places-None]" time="0.044" /><testcase classname="tests.test_reviews.TestGooglePlaces" name="test_admin_endpoints_require_auth[put-/api/admin/google-places-body1]" time="0.046" /><testcase classname="tests.test_reviews.TestGooglePlaces" name="test_admin_endpoints_require_auth[post-/api/admin/google-places/search-body2]" time="0.046" /><testcase classname="tests.test_reviews.TestRegression" name="test_menu_still_available" time="0.047" /><testcase classname="tests.test_reviews.TestRegression" name="test_site_images" time="0.270" /></testsuite></testsuites>