<?xml version="1.0" encoding="utf-8"?><testsuites name="pytest tests"><testsuite name="pytest" errors="0" failures="0" skipped="0" tests="4" time="2.429" timestamp="2026-09-13T15:35:15.683222+00:00" hostname="agent-env-922471fe-367e-4e07-bac8-52fd59beb368"><testcase classname="tests.test_site_images_v8" name="test_site_images_contains_required_keys" time="0.355" /><testcase classname="tests.test_site_images_v8" name="test_put_bg_malaga_idempotent_rewrite" time="0.404" /><testcase classname="tests.test_site_images_v8" name="test_put_invalid_key_returns_404" time="0.140" /><testcase classname="tests.test_site_images_v8" name="test_video_range_request" time="0.866" /></testsuite></testsuites>